<?xml version="1.0" encoding="UTF-8"?>
<!-- Generated by org.testng.reporters.JUnitXMLReporter -->
<testsuite ignored="10" hostname="LTIN590078" failures="0" tests="6" name="edgetest" time="34.019" errors="0" timestamp="2025-07-13T17:01:06 IST">
  <testcase classname="testCases.TC_001_NavigateToCompletedProject" name="navigate" time="7.289"/>
  <testcase classname="testCases.TC_002_CountTotalProjects" name="count_project" time="1.538"/>
  <testcase classname="testCases.TC_003_DisplayEnquirePage" name="displayEnquireNow" time="4.697"/>
  <testcase classname="testCases.TC_004_MouseHoverToContact" name="mouseHover" time="3.684"/>
  <testcase classname="testCases.TC_005_VerifyContactText" name="verify_ContactUs" time="2.413"/>
  <testcase classname="testCases.TC_006_ReadAndDisplayEmail" name="displayEmail" time="1.339"/>
  <testcase classname="testBase.BaseClass" name="@BeforeTest setup" time="0.0">
    <ignored/>
  </testcase> <!-- @BeforeTest setup -->
  <testcase classname="testBase.BaseClass" name="@AfterTest tearDown" time="0.0">
    <ignored/>
  </testcase> <!-- @AfterTest tearDown -->
  <testcase classname="testBase.BaseClass" name="@BeforeTest setup" time="0.0">
    <ignored/>
  </testcase> <!-- @BeforeTest setup -->
  <testcase classname="testBase.BaseClass" name="@BeforeTest setup" time="0.0">
    <ignored/>
  </testcase> <!-- @BeforeTest setup -->
  <testcase classname="testBase.BaseClass" name="@BeforeTest setup" time="0.0">
    <ignored/>
  </testcase> <!-- @BeforeTest setup -->
  <testcase classname="testBase.BaseClass" name="@AfterTest tearDown" time="0.0">
    <ignored/>
  </testcase> <!-- @AfterTest tearDown -->
  <testcase classname="testBase.BaseClass" name="@AfterTest tearDown" time="0.0">
    <ignored/>
  </testcase> <!-- @AfterTest tearDown -->
  <testcase classname="testBase.BaseClass" name="@AfterTest tearDown" time="0.0">
    <ignored/>
  </testcase> <!-- @AfterTest tearDown -->
  <testcase classname="testBase.BaseClass" name="@BeforeTest setup" time="0.0">
    <ignored/>
  </testcase> <!-- @BeforeTest setup -->
  <testcase classname="testBase.BaseClass" name="@AfterTest tearDown" time="0.0">
    <ignored/>
  </testcase> <!-- @AfterTest tearDown -->
</testsuite> <!-- edgetest -->
