<?xml version="1.0" encoding="UTF-8"?>
<!-- Generated by org.testng.reporters.JUnitXMLReporter -->
<testsuite ignored="5" hostname="LTIN590078" failures="0" tests="6" name="Test" time="18.145" errors="0" timestamp="2025-06-24T18:52:23 IST">
  <testcase classname="testCases.TC_001_NavigateToCompletedProject" name="navigate" time="5.479"/>
  <testcase classname="testCases.TC_002_CountTotalProjects" name="count_project" time="0.53"/>
  <testcase classname="testCases.TC_003_DisplayEnquirePage" name="displayEnquireNow" time="4.556"/>
  <testcase classname="testCases.TC_004_MouseHoverToContact" name="mouseHover" time="3.477"/>
  <testcase classname="testCases.TC_005_VerifyContactText" name="verify_ContactUs" time="2.296"/>
  <testcase classname="testCases.TC_006_ReadAndDisplayEmail" name="displayEmail" time="1.241"/>
  <testcase classname="testBase.BaseClass" name="@BeforeSuite setup" time="0.0">
    <ignored/>
  </testcase> <!-- @BeforeSuite setup -->
  <testcase classname="testBase.BaseClass" name="@BeforeSuite setup" time="0.0">
    <ignored/>
  </testcase> <!-- @BeforeSuite setup -->
  <testcase classname="testBase.BaseClass" name="@BeforeSuite setup" time="0.0">
    <ignored/>
  </testcase> <!-- @BeforeSuite setup -->
  <testcase classname="testBase.BaseClass" name="@BeforeSuite setup" time="0.0">
    <ignored/>
  </testcase> <!-- @BeforeSuite setup -->
  <testcase classname="testBase.BaseClass" name="@BeforeSuite setup" time="0.0">
    <ignored/>
  </testcase> <!-- @BeforeSuite setup -->
</testsuite> <!-- Test -->
