<?xml version="1.0" encoding="UTF-8"?>
<!-- Generated by org.testng.reporters.JUnitReportReporter -->
<testsuite hostname="LTIN590078" failures="0" tests="2" name="testCases.TC_004_MouseHoverToContact" time="7.820" errors="0" timestamp="2025-07-13T17:01:06 IST" skipped="0">
  <testcase classname="testCases.TC_004_MouseHoverToContact" name="mouseHover" time="4.136"/>
  <testcase classname="testCases.TC_004_MouseHoverToContact" name="mouseHover" time="3.684"/>
</testsuite> <!-- testCases.TC_004_MouseHoverToContact -->
