<?xml version="1.0" encoding="UTF-8"?>
<!-- Generated by org.testng.reporters.JUnitReportReporter -->
<testsuite hostname="LTIN590078" failures="0" tests="2" name="testCases.TC_001_NavigateToCompletedProject" time="14.660" errors="0" timestamp="2025-07-13T17:01:06 IST" skipped="0">
  <testcase classname="testCases.TC_001_NavigateToCompletedProject" name="navigate" time="7.371"/>
  <testcase classname="testCases.TC_001_NavigateToCompletedProject" name="navigate" time="7.289"/>
</testsuite> <!-- testCases.TC_001_NavigateToCompletedProject -->
