<?xml version="1.0" encoding="UTF-8"?>
<!-- Generated by org.testng.reporters.JUnitReportReporter -->
<testsuite hostname="LTIN590078" failures="0" tests="2" name="testCases.TC_006_ReadAndDisplayEmail" time="2.692" errors="0" timestamp="2025-07-13T17:01:06 IST" skipped="0">
  <testcase classname="testCases.TC_006_ReadAndDisplayEmail" name="displayEmail" time="1.353"/>
  <testcase classname="testCases.TC_006_ReadAndDisplayEmail" name="displayEmail" time="1.339"/>
</testsuite> <!-- testCases.TC_006_ReadAndDisplayEmail -->
