<?xml version="1.0" encoding="UTF-8"?>
<!-- Generated by org.testng.reporters.JUnitReportReporter -->
<testsuite hostname="LTIN590078" failures="0" tests="2" name="testCases.TC_005_VerifyContactText" time="4.879" errors="0" timestamp="2025-07-13T17:01:06 IST" skipped="0">
  <testcase classname="testCases.TC_005_VerifyContactText" name="verify_ContactUs" time="2.466"/>
  <testcase classname="testCases.TC_005_VerifyContactText" name="verify_ContactUs" time="2.413"/>
</testsuite> <!-- testCases.TC_005_VerifyContactText -->
