<?xml version="1.0" encoding="UTF-8"?>
<!-- Generated by org.testng.reporters.JUnitReportReporter -->
<testsuite hostname="LTIN590078" failures="0" tests="2" name="testCases.TC_003_DisplayEnquirePage" time="9.614" errors="0" timestamp="2025-07-13T17:01:06 IST" skipped="0">
  <testcase classname="testCases.TC_003_DisplayEnquirePage" name="displayEnquireNow" time="4.697"/>
  <testcase classname="testCases.TC_003_DisplayEnquirePage" name="displayEnquireNow" time="4.917"/>
</testsuite> <!-- testCases.TC_003_DisplayEnquirePage -->
