<?xml version="1.0" encoding="UTF-8"?>
<!-- Generated by org.testng.reporters.JUnitReportReporter -->
<testsuite hostname="LTIN590078" failures="0" tests="2" name="testCases.TC_002_CountTotalProjects" time="3.006" errors="0" timestamp="2025-07-13T17:01:06 IST" skipped="0">
  <testcase classname="testCases.TC_002_CountTotalProjects" name="count_project" time="1.538"/>
  <testcase classname="testCases.TC_002_CountTotalProjects" name="count_project" time="1.468"/>
</testsuite> <!-- testCases.TC_002_CountTotalProjects -->
